<?xml version="1.0" encoding="UTF-8" ?>
<testsuite tests="5" failures="1" name="com.browserstack.SingleTest" time="126.816" errors="1" skipped="0">
  <properties>
[...]
</properties>
  <testcase classname="com.browserstack.SingleTest" name="test[0]" time="8.717"/>
  <testcase classname="com.browserstack.SingleTest" name="test[2]" time="15.022"/>
  <testcase classname="com.browserstack.SingleTest" name="test[4]" time="16.884">
    <failure message="expected:&lt;[Most Reliable App &amp; Cross Browser Testing Platform | BrowserStack]&gt; but was:&lt;[Error]&gt;" type="org.junit.ComparisonFailure">org.junit.ComparisonFailure: expected:&lt;[Most Reliable App &amp; Cross Browser Testing Platform | BrowserStack]&gt; but was:&lt;[Error]&gt;
	at org.junit.Assert.assertEquals(Assert.java:115)
	at org.junit.Assert.assertEquals(Assert.java:144)
	at com.browserstack.SingleTest.test(SingleTest.java:25)
	at java.base/jdk.internal.reflect.NativeMethodAccessorImpl.invoke0(Native Method)
	at java.base/jdk.internal.reflect.NativeMethodAccessorImpl.invoke(NativeMethodAccessorImpl.java:62)
	at java.base/jdk.internal.reflect.DelegatingMethodAccessorImpl.invoke(DelegatingMethodAccessorImpl.java:43)
	at java.base/java.lang.reflect.Method.invoke(Method.java:567)
	at org.junit.runners.model.FrameworkMethod$1.runReflectiveCall(FrameworkMethod.java:50)
	at org.junit.internal.runners.model.ReflectiveCallable.run(ReflectiveCallable.java:12)
	at org.junit.runners.model.FrameworkMethod.invokeExplosively(FrameworkMethod.java:47)
	at org.junit.internal.runners.statements.InvokeMethod.evaluate(InvokeMethod.java:17)
	at org.junit.internal.runners.statements.RunBefores.evaluate(RunBefores.java:26)
	at org.junit.internal.runners.statements.RunAfters.evaluate(RunAfters.java:27)
	at org.junit.runners.ParentRunner.runLeaf(ParentRunner.java:325)
	at org.junit.runners.BlockJUnit4ClassRunner.runChild(BlockJUnit4ClassRunner.java:78)
	at org.junit.runners.BlockJUnit4ClassRunner.runChild(BlockJUnit4ClassRunner.java:57)
	at org.junit.runners.ParentRunner$3.run(ParentRunner.java:290)
	at org.junit.runners.ParentRunner$1.schedule(ParentRunner.java:71)
	at org.junit.runners.ParentRunner.runChildren(ParentRunner.java:288)
	at org.junit.runners.ParentRunner.access$000(ParentRunner.java:58)
	at org.junit.runners.ParentRunner$2.evaluate(ParentRunner.java:268)
	at org.junit.runners.ParentRunner.run(ParentRunner.java:363)
	at org.junit.runners.Suite.runChild(Suite.java:128)
	at org.junit.runners.Suite.runChild(Suite.java:27)
	at org.junit.runners.ParentRunner$3.run(ParentRunner.java:290)
	at java.base/java.util.concurrent.Executors$RunnableAdapter.call(Executors.java:515)
	at java.base/java.util.concurrent.FutureTask.run(FutureTask.java:264)
	at java.base/java.util.concurrent.ThreadPoolExecutor.runWorker(ThreadPoolExecutor.java:1128)
	at java.base/java.util.concurrent.ThreadPoolExecutor$Worker.run(ThreadPoolExecutor.java:628)
	at java.base/java.lang.Thread.run(Thread.java:830)
</failure>
  </testcase>
  <testcase classname="com.browserstack.SingleTest" name="test[1]" time="18.463"/>
  <testcase classname="com.browserstack.SingleTest" name="test[3]" time="67.73">
    <error message="Timed out waiting for page to load. (WARNING: The server did not provide any stacktrace information)
Command duration or timeout: 0 milliseconds
Build info: version: &apos;3.141.59&apos;, revision: &apos;e82be7d358&apos;, time: &apos;2018-11-14T08:17:03&apos;
System info: host: &apos;Alexs-Air.attlocal.net&apos;, ip: &apos;2600:1700:65a3:5410:0:0:0:3c%en0&apos;, os.name: &apos;Mac OS X&apos;, os.arch: &apos;x86_64&apos;, os.version: &apos;10.15.4&apos;, java.version: &apos;13.0.2&apos;
Driver info: org.openqa.selenium.remote.RemoteWebDriver
Capabilities {browserAttachTimeout: 0, browserName: internet explorer, cssSelectorsEnabled: true, elementScrollBehavior: 0, enableElementCacheCleanup: true, enablePersistentHover: true, handlesAlerts: true, ie.browserCommandLineSwitches: , ie.ensureCleanSession: false, ie.forceCreateProcessApi: false, ie.usePerProcessProxy: false, ignoreProtectedModeSettings: false, ignoreZoomSetting: false, initialBrowserUrl: about:blank, javascriptEnabled: true, nativeEvents: true, platform: WINDOWS, platformName: WINDOWS, requireWindowFocus: false, takesScreenshot: true, unexpectedAlertBehaviour: dismiss, unhandledPromptBehavior: dismiss, version: 11, webdriver.remote.sessionid: 313f691ce4e8031a977f750ee4d...}
Session ID: 313f691ce4e8031a977f750ee4d04b7a598f57d9" type="org.openqa.selenium.TimeoutException">org.openqa.selenium.TimeoutException: Timed out waiting for page to load. (WARNING: The server did not provide any stacktrace information)
Command duration or timeout: 0 milliseconds
Build info: version: &apos;3.141.59&apos;, revision: &apos;e82be7d358&apos;, time: &apos;2018-11-14T08:17:03&apos;
System info: host: &apos;Alexs-Air.attlocal.net&apos;, ip: &apos;2600:1700:65a3:5410:0:0:0:3c%en0&apos;, os.name: &apos;Mac OS X&apos;, os.arch: &apos;x86_64&apos;, os.version: &apos;10.15.4&apos;, java.version: &apos;13.0.2&apos;
Driver info: org.openqa.selenium.remote.RemoteWebDriver
Capabilities {browserAttachTimeout: 0, browserName: internet explorer, cssSelectorsEnabled: true, elementScrollBehavior: 0, enableElementCacheCleanup: true, enablePersistentHover: true, handlesAlerts: true, ie.browserCommandLineSwitches: , ie.ensureCleanSession: false, ie.forceCreateProcessApi: false, ie.usePerProcessProxy: false, ignoreProtectedModeSettings: false, ignoreZoomSetting: false, initialBrowserUrl: about:blank, javascriptEnabled: true, nativeEvents: true, platform: WINDOWS, platformName: WINDOWS, requireWindowFocus: false, takesScreenshot: true, unexpectedAlertBehaviour: dismiss, unhandledPromptBehavior: dismiss, version: 11, webdriver.remote.sessionid: 313f691ce4e8031a977f750ee4d...}
Session ID: 313f691ce4e8031a977f750ee4d04b7a598f57d9
	at java.base/jdk.internal.reflect.NativeConstructorAccessorImpl.newInstance0(Native Method)
	at java.base/jdk.internal.reflect.NativeConstructorAccessorImpl.newInstance(NativeConstructorAccessorImpl.java:62)
	at java.base/jdk.internal.reflect.DelegatingConstructorAccessorImpl.newInstance(DelegatingConstructorAccessorImpl.java:45)
	at java.base/java.lang.reflect.Constructor.newInstanceWithCaller(Constructor.java:500)
	at java.base/java.lang.reflect.Constructor.newInstance(Constructor.java:481)
	at org.openqa.selenium.remote.ErrorHandler.createThrowable(ErrorHandler.java:214)
	at org.openqa.selenium.remote.ErrorHandler.throwIfResponseFailed(ErrorHandler.java:166)
	at org.openqa.selenium.remote.http.JsonHttpResponseCodec.reconstructValue(JsonHttpResponseCodec.java:40)
	at org.openqa.selenium.remote.http.AbstractHttpResponseCodec.decode(AbstractHttpResponseCodec.java:80)
	at org.openqa.selenium.remote.http.AbstractHttpResponseCodec.decode(AbstractHttpResponseCodec.java:44)
	at org.openqa.selenium.remote.HttpCommandExecutor.execute(HttpCommandExecutor.java:158)
	at org.openqa.selenium.remote.RemoteWebDriver.execute(RemoteWebDriver.java:552)
	at org.openqa.selenium.remote.RemoteWebDriver.get(RemoteWebDriver.java:277)
	at com.browserstack.SingleTest.test(SingleTest.java:22)
	at java.base/jdk.internal.reflect.NativeMethodAccessorImpl.invoke0(Native Method)
	at java.base/jdk.internal.reflect.NativeMethodAccessorImpl.invoke(NativeMethodAccessorImpl.java:62)
	at java.base/jdk.internal.reflect.DelegatingMethodAccessorImpl.invoke(DelegatingMethodAccessorImpl.java:43)
	at java.base/java.lang.reflect.Method.invoke(Method.java:567)
	at org.junit.runners.model.FrameworkMethod$1.runReflectiveCall(FrameworkMethod.java:50)
	at org.junit.internal.runners.model.ReflectiveCallable.run(ReflectiveCallable.java:12)
	at org.junit.runners.model.FrameworkMethod.invokeExplosively(FrameworkMethod.java:47)
	at org.junit.internal.runners.statements.InvokeMethod.evaluate(InvokeMethod.java:17)
	at org.junit.internal.runners.statements.RunBefores.evaluate(RunBefores.java:26)
	at org.junit.internal.runners.statements.RunAfters.evaluate(RunAfters.java:27)
	at org.junit.runners.ParentRunner.runLeaf(ParentRunner.java:325)
	at org.junit.runners.BlockJUnit4ClassRunner.runChild(BlockJUnit4ClassRunner.java:78)
	at org.junit.runners.BlockJUnit4ClassRunner.runChild(BlockJUnit4ClassRunner.java:57)
	at org.junit.runners.ParentRunner$3.run(ParentRunner.java:290)
	at org.junit.runners.ParentRunner$1.schedule(ParentRunner.java:71)
	at org.junit.runners.ParentRunner.runChildren(ParentRunner.java:288)
	at org.junit.runners.ParentRunner.access$000(ParentRunner.java:58)
	at org.junit.runners.ParentRunner$2.evaluate(ParentRunner.java:268)
	at org.junit.runners.ParentRunner.run(ParentRunner.java:363)
	at org.junit.runners.Suite.runChild(Suite.java:128)
	at org.junit.runners.Suite.runChild(Suite.java:27)
	at org.junit.runners.ParentRunner$3.run(ParentRunner.java:290)
	at java.base/java.util.concurrent.Executors$RunnableAdapter.call(Executors.java:515)
	at java.base/java.util.concurrent.FutureTask.run(FutureTask.java:264)
	at java.base/java.util.concurrent.ThreadPoolExecutor.runWorker(ThreadPoolExecutor.java:1128)
	at java.base/java.util.concurrent.ThreadPoolExecutor$Worker.run(ThreadPoolExecutor.java:628)
	at java.base/java.lang.Thread.run(Thread.java:830)
</error>
  </testcase>
</testsuite>